<?xml version="1.0" encoding="UTF-8"?>
<testng-results ignored="0" total="2" passed="2" failed="0" skipped="0">
  <reporter-output>
  </reporter-output>
  <suite started-at="2023-04-01T00:54:14 IST" name="Default suite" finished-at="2023-04-01T00:54:28 IST" duration-ms="13926">
    <groups>
    </groups>
    <test started-at="2023-04-01T00:54:14 IST" name="Default test" finished-at="2023-04-01T00:54:28 IST" duration-ms="13926">
      <class name="seleniumok.Loginpage">
        <test-method is-config="true" signature="setup()[pri:0, instance:seleniumok.Loginpage@6d763516]" started-at="2023-04-01T00:54:14 IST" name="setup" finished-at="2023-04-01T00:54:18 IST" duration-ms="4322" status="PASS">
          <reporter-output>
          </reporter-output>
        </test-method> <!-- setup -->
        <test-method signature="test1()[pri:0, instance:seleniumok.Loginpage@6d763516]" started-at="2023-04-01T00:54:18 IST" name="test1" finished-at="2023-04-01T00:54:21 IST" duration-ms="2726" status="PASS">
          <reporter-output>
          </reporter-output>
        </test-method> <!-- test1 -->
        <test-method is-config="true" signature="teardown()[pri:0, instance:seleniumok.Loginpage@6d763516]" started-at="2023-04-01T00:54:21 IST" name="teardown" finished-at="2023-04-01T00:54:21 IST" duration-ms="197" status="PASS">
          <reporter-output>
          </reporter-output>
        </test-method> <!-- teardown -->
        <test-method is-config="true" signature="setup()[pri:0, instance:seleniumok.Loginpage@6d763516]" started-at="2023-04-01T00:54:21 IST" name="setup" finished-at="2023-04-01T00:54:25 IST" duration-ms="3571" status="PASS">
          <reporter-output>
          </reporter-output>
        </test-method> <!-- setup -->
        <test-method signature="test2()[pri:0, instance:seleniumok.Loginpage@6d763516]" started-at="2023-04-01T00:54:25 IST" name="test2" finished-at="2023-04-01T00:54:28 IST" duration-ms="2907" status="PASS">
          <reporter-output>
          </reporter-output>
        </test-method> <!-- test2 -->
        <test-method is-config="true" signature="teardown()[pri:0, instance:seleniumok.Loginpage@6d763516]" started-at="2023-04-01T00:54:28 IST" name="teardown" finished-at="2023-04-01T00:54:28 IST" duration-ms="154" status="PASS">
          <reporter-output>
          </reporter-output>
        </test-method> <!-- teardown -->
      </class> <!-- seleniumok.Loginpage -->
    </test> <!-- Default test -->
  </suite> <!-- Default suite -->
</testng-results>
